<?xml version="1.0" encoding="UTF-8"?>
<testng-results skipped="2" failed="0" total="2" passed="0">
  <reporter-output>
  </reporter-output>
  <suite name="Default suite" duration-ms="55" started-at="2016-01-18T22:50:44Z" finished-at="2016-01-18T22:50:44Z">
    <groups>
    </groups>
    <test name="Default test" duration-ms="55" started-at="2016-01-18T22:50:44Z" finished-at="2016-01-18T22:50:44Z">
      <class name="IntegrationTests.Tests.LoginTest">
        <test-method status="FAIL" signature="createDriver()[pri:0, instance:IntegrationTests.Tests.LoginTest@7a5d012c]" name="createDriver" is-config="true" duration-ms="0" started-at="2016-01-18T14:50:44Z" finished-at="2016-01-18T14:50:44Z">
          <exception class="java.io.FileNotFoundException">
            <message>
              <![CDATA[/Users/SAmin/Documents/workspace/TestFrameworkSample/src/config/config.properties (No such file or directory)]]>
            </message>
            <full-stacktrace>
              <![CDATA[java.io.FileNotFoundException: /Users/SAmin/Documents/workspace/TestFrameworkSample/src/config/config.properties (No such file or directory)
	at java.io.FileInputStream.open0(Native Method)
	at java.io.FileInputStream.open(FileInputStream.java:195)
	at java.io.FileInputStream.<init>(FileInputStream.java:138)
	at java.io.FileInputStream.<init>(FileInputStream.java:93)
	at UITestFramework.CreateSession.propertiesFileLoad(CreateSession.java:291)
	at UITestFramework.CreateSession.createDriver(CreateSession.java:120)
	at sun.reflect.NativeMethodAccessorImpl.invoke0(Native Method)
	at sun.reflect.NativeMethodAccessorImpl.invoke(NativeMethodAccessorImpl.java:62)
	at sun.reflect.DelegatingMethodAccessorImpl.invoke(DelegatingMethodAccessorImpl.java:43)
	at java.lang.reflect.Method.invoke(Method.java:497)
	at org.testng.internal.MethodInvocationHelper.invokeMethod(MethodInvocationHelper.java:84)
	at org.testng.internal.Invoker.invokeConfigurationMethod(Invoker.java:564)
	at org.testng.internal.Invoker.invokeConfigurations(Invoker.java:213)
	at org.testng.internal.Invoker.invokeConfigurations(Invoker.java:138)
	at org.testng.TestRunner.beforeRun(TestRunner.java:641)
	at org.testng.TestRunner.run(TestRunner.java:609)
	at org.testng.SuiteRunner.runTest(SuiteRunner.java:334)
	at org.testng.SuiteRunner.runSequentially(SuiteRunner.java:329)
	at org.testng.SuiteRunner.privateRun(SuiteRunner.java:291)
	at org.testng.SuiteRunner.run(SuiteRunner.java:240)
	at org.testng.SuiteRunnerWorker.runSuite(SuiteRunnerWorker.java:52)
	at org.testng.SuiteRunnerWorker.run(SuiteRunnerWorker.java:86)
	at org.testng.TestNG.runSuitesSequentially(TestNG.java:1224)
	at org.testng.TestNG.runSuitesLocally(TestNG.java:1149)
	at org.testng.TestNG.run(TestNG.java:1057)
	at org.testng.remote.RemoteTestNG.run(RemoteTestNG.java:115)
	at org.testng.remote.RemoteTestNG.initAndRun(RemoteTestNG.java:207)
	at org.testng.remote.RemoteTestNG.main(RemoteTestNG.java:178)
]]>
            </full-stacktrace>
          </exception> <!-- java.io.FileNotFoundException -->
          <reporter-output>
          </reporter-output>
        </test-method> <!-- createDriver -->
        <test-method status="SKIP" signature="beforeClass()[pri:0, instance:IntegrationTests.Tests.LoginTest@7a5d012c]" name="beforeClass" is-config="true" duration-ms="0" started-at="2016-01-18T14:50:44Z" finished-at="2016-01-18T14:50:44Z">
          <reporter-output>
          </reporter-output>
        </test-method> <!-- beforeClass -->
        <test-method status="SKIP" signature="beforeMethod()[pri:0, instance:IntegrationTests.Tests.LoginTest@7a5d012c]" name="beforeMethod" is-config="true" duration-ms="0" started-at="2016-01-18T14:50:44Z" finished-at="2016-01-18T14:50:44Z">
          <reporter-output>
          </reporter-output>
        </test-method> <!-- beforeMethod -->
        <test-method status="SKIP" signature="instantiateHelpers(java.lang.String)[pri:0, instance:IntegrationTests.Tests.LoginTest@7a5d012c]" name="instantiateHelpers" is-config="true" duration-ms="0" started-at="2016-01-18T14:50:44Z" finished-at="2016-01-18T14:50:44Z">
          <reporter-output>
          </reporter-output>
        </test-method> <!-- instantiateHelpers -->
        <test-method status="SKIP" signature="LoginVerification()[pri:0, instance:IntegrationTests.Tests.LoginTest@7a5d012c]" name="LoginVerification" duration-ms="1" started-at="2016-01-18T14:50:44Z" finished-at="2016-01-18T14:50:44Z">
          <reporter-output>
          </reporter-output>
        </test-method> <!-- LoginVerification -->
        <test-method status="SKIP" signature="afterMethod()[pri:0, instance:IntegrationTests.Tests.LoginTest@7a5d012c]" name="afterMethod" is-config="true" duration-ms="0" started-at="2016-01-18T14:50:44Z" finished-at="2016-01-18T14:50:44Z">
          <reporter-output>
          </reporter-output>
        </test-method> <!-- afterMethod -->
        <test-method status="SKIP" signature="instantiateHelpers(java.lang.String)[pri:0, instance:IntegrationTests.Tests.LoginTest@7a5d012c]" name="instantiateHelpers" is-config="true" duration-ms="0" started-at="2016-01-18T14:50:44Z" finished-at="2016-01-18T14:50:44Z">
          <reporter-output>
          </reporter-output>
        </test-method> <!-- instantiateHelpers -->
        <test-method status="SKIP" signature="beforeMethod()[pri:0, instance:IntegrationTests.Tests.LoginTest@7a5d012c]" name="beforeMethod" is-config="true" duration-ms="0" started-at="2016-01-18T14:50:44Z" finished-at="2016-01-18T14:50:44Z">
          <reporter-output>
          </reporter-output>
        </test-method> <!-- beforeMethod -->
        <test-method status="SKIP" signature="logoutVerification()[pri:0, instance:IntegrationTests.Tests.LoginTest@7a5d012c]" name="logoutVerification" duration-ms="0" started-at="2016-01-18T14:50:44Z" finished-at="2016-01-18T14:50:44Z">
          <reporter-output>
          </reporter-output>
        </test-method> <!-- logoutVerification -->
        <test-method status="SKIP" signature="afterMethod()[pri:0, instance:IntegrationTests.Tests.LoginTest@7a5d012c]" name="afterMethod" is-config="true" duration-ms="0" started-at="2016-01-18T14:50:44Z" finished-at="2016-01-18T14:50:44Z">
          <reporter-output>
          </reporter-output>
        </test-method> <!-- afterMethod -->
        <test-method status="SKIP" signature="afterClass()[pri:0, instance:IntegrationTests.Tests.LoginTest@7a5d012c]" name="afterClass" is-config="true" duration-ms="0" started-at="2016-01-18T14:50:44Z" finished-at="2016-01-18T14:50:44Z">
          <reporter-output>
          </reporter-output>
        </test-method> <!-- afterClass -->
        <test-method status="SKIP" signature="teardown()[pri:0, instance:IntegrationTests.Tests.LoginTest@7a5d012c]" name="teardown" is-config="true" duration-ms="0" started-at="2016-01-18T14:50:44Z" finished-at="2016-01-18T14:50:44Z">
          <reporter-output>
          </reporter-output>
        </test-method> <!-- teardown -->
      </class> <!-- IntegrationTests.Tests.LoginTest -->
    </test> <!-- Default test -->
  </suite> <!-- Default suite -->
</testng-results>
